<?xml version="1.0" encoding="UTF-8"?>
<kobold><productlines><productline id="7aba6cb0-e54d-11d8-9f6e-a678922530ab" name="zucker" resource="zucker"><repository-descriptor type="CVS" host="zucker.org" protocol="pserver" root="/root/zucker" path="zucker"/><maintainers/><coreassets/><products/></productline><productline id="7ad21361-e54d-11d8-9f6e-a678922530ab" name="kobold3" resource="kobold3"><repository-descriptor type="CVS" host="cvs.berlios.de" protocol="pserver" root="/cvsroot/kobold/" path="kobold3"/><maintainers/><coreassets/><products/></productline><productline id="7ad21362-e54d-11d8-9f6e-a678922530ab" name="kobold4" resource="kobold4"><repository-descriptor type="CVS" host="cvs.berlios.de" protocol="ssh" root="/cvsroot/kobold/" path="kobold4"/><maintainers/><coreassets/><products/></productline></productlines></kobold>